2022-08-02 19:48:54,765:INFO:PyCaret Supervised Module
2022-08-02 19:48:54,767:INFO:ML Usecase: anomaly
2022-08-02 19:48:54,768:INFO:version 2.3.10
2022-08-02 19:48:54,768:INFO:Initializing setup()
2022-08-02 19:48:54,769:INFO:setup(target=None, ml_usecase=anomaly, available_plots={'tsne': 'Anomaly TSnE (3d)', 'umap': 'UMAP Dimensionality'}, train_size=0.7, test_data=None, preprocess=True, imputation_type=simple, iterative_imputation_iters=5, categorical_features=None, categorical_imputation=mode, categorical_iterative_imputer=lightgbm, ordinal_features=None, high_cardinality_features=None, high_cardinality_method=frequency, numeric_features=None, numeric_imputation=mean, numeric_iterative_imputer=lightgbm, date_features=None, ignore_features=['MouseID'], normalize=True, normalize_method=zscore, transformation=False, transformation_method=yeo-johnson, handle_unknown_categorical=True, unknown_categorical_method=least_frequent, pca=False, pca_method=linear, pca_components=None, ignore_low_variance=False, combine_rare_levels=False, rare_level_threshold=0.1, bin_numeric_features=None, remove_outliers=False, outliers_threshold=0.05, remove_multicollinearity=False, multicollinearity_threshold=0.9, remove_perfect_collinearity=False, create_clusters=False, cluster_iter=20, polynomial_features=False, polynomial_degree=2, trigonometry_features=False, polynomial_threshold=0.1, group_features=None, group_names=None, feature_selection=False, feature_selection_threshold=0.8, feature_selection_method=classic, feature_interaction=False, feature_ratio=False, interaction_threshold=0.01, fix_imbalance=False, fix_imbalance_method=None, transform_target=False, transform_target_method=box-cox, data_split_shuffle=False, data_split_stratify=False, fold_strategy=kfold, fold=10, fold_shuffle=False, fold_groups=None, n_jobs=-1, use_gpu=False, custom_pipeline=None, html=True, session_id=100, log_experiment=False, experiment_name=None, experiment_custom_tags=None, log_plots=False, log_profile=False, log_data=False, silent=False, verbose=True, profile=False, profile_kwargs=None, display=None)
2022-08-02 19:48:54,770:INFO:Checking environment
2022-08-02 19:48:54,770:INFO:python_version: 3.7.5
2022-08-02 19:48:54,771:INFO:python_build: ('default', 'Nov 23 2019 05:59:34')
2022-08-02 19:48:54,771:INFO:machine: x86_64
2022-08-02 19:48:54,772:INFO:platform: Linux-5.10.16.3-microsoft-standard-WSL2-x86_64-with-debian-10.2
2022-08-02 19:48:54,772:INFO:Memory: svmem(total=53724475392, available=51895291904, percent=3.4, used=1196191744, free=49318268928, active=783319040, inactive=3156217856, buffers=202657792, cached=3007356928, shared=1368064, slab=315265024)
2022-08-02 19:48:54,774:INFO:Physical Core: 6
2022-08-02 19:48:54,774:INFO:Logical Core: 12
2022-08-02 19:48:54,775:INFO:Checking libraries
2022-08-02 19:48:54,775:INFO:pd==1.3.5
2022-08-02 19:48:54,776:INFO:numpy==1.21.6
2022-08-02 19:48:54,776:INFO:sklearn==0.23.2
2022-08-02 19:48:54,776:INFO:lightgbm==3.3.2
2022-08-02 19:48:54,778:WARNING:catboost not found
2022-08-02 19:48:54,779:WARNING:xgboost not found
2022-08-02 19:48:54,780:INFO:mlflow==1.27.0
2022-08-02 19:48:54,780:INFO:Checking Exceptions
2022-08-02 19:48:54,781:INFO:Declaring global variables
2022-08-02 19:48:54,781:INFO:USI: a971
2022-08-02 19:48:54,782:INFO:pycaret_globals: {'fold_groups_param_full', '_ml_usecase', 'target_param', '_all_models_internal', 'html_param', '_all_metrics', 'pycaret_globals', 'seed', 'imputation_classifier', 'display_container', 'data_before_preprocess', 'experiment__', 'fix_imbalance_method_param', 'master_model_container', 'fold_shuffle_param', 'fold_param', 'exp_name_log', 'create_model_container', 'gpu_param', 'X', 'n_jobs_param', 'logging_param', 'stratify_param', 'prep_pipe', '_available_plots', 'USI', 'transform_target_method_param', 'fold_generator', 'imputation_regressor', 'iterative_imputation_iters_param', '_all_models', '_gpu_n_jobs_param', 'dashboard_logger', 'fold_groups_param', 'transform_target_param', '_internal_pipeline', 'log_plots_param', 'fix_imbalance_param'}
2022-08-02 19:48:54,782:INFO:Preparing display monitor
2022-08-02 19:48:54,783:INFO:Preparing display monitor
2022-08-02 19:48:54,806:INFO:Importing libraries
2022-08-02 19:48:54,806:INFO:Copying data for preprocessing
2022-08-02 19:48:54,821:INFO:Declaring preprocessing parameters
2022-08-02 19:48:54,826:INFO:Creating preprocessing pipeline
2022-08-02 19:48:54,857:INFO:Preprocessing pipeline created successfully
2022-08-02 19:48:54,858:ERROR:(Process Exit): setup has been interupted with user command 'quit'. setup must rerun.
2022-08-02 19:48:54,859:INFO:Creating global containers
2022-08-02 19:48:54,860:INFO:Internal pipeline: Pipeline(memory=None, steps=[('empty_step', 'passthrough')], verbose=False)
2022-08-02 19:58:50,700:INFO:PyCaret Supervised Module
2022-08-02 19:58:50,703:INFO:ML Usecase: anomaly
2022-08-02 19:58:50,704:INFO:version 2.3.10
2022-08-02 19:58:50,704:INFO:Initializing setup()
2022-08-02 19:58:50,705:INFO:setup(target=None, ml_usecase=anomaly, available_plots={'tsne': 'Anomaly TSnE (3d)', 'umap': 'UMAP Dimensionality'}, train_size=0.7, test_data=None, preprocess=True, imputation_type=simple, iterative_imputation_iters=5, categorical_features=None, categorical_imputation=mode, categorical_iterative_imputer=lightgbm, ordinal_features=None, high_cardinality_features=None, high_cardinality_method=frequency, numeric_features=None, numeric_imputation=mean, numeric_iterative_imputer=lightgbm, date_features=None, ignore_features=['MouseID'], normalize=True, normalize_method=zscore, transformation=False, transformation_method=yeo-johnson, handle_unknown_categorical=True, unknown_categorical_method=least_frequent, pca=False, pca_method=linear, pca_components=None, ignore_low_variance=False, combine_rare_levels=False, rare_level_threshold=0.1, bin_numeric_features=None, remove_outliers=False, outliers_threshold=0.05, remove_multicollinearity=False, multicollinearity_threshold=0.9, remove_perfect_collinearity=False, create_clusters=False, cluster_iter=20, polynomial_features=False, polynomial_degree=2, trigonometry_features=False, polynomial_threshold=0.1, group_features=None, group_names=None, feature_selection=False, feature_selection_threshold=0.8, feature_selection_method=classic, feature_interaction=False, feature_ratio=False, interaction_threshold=0.01, fix_imbalance=False, fix_imbalance_method=None, transform_target=False, transform_target_method=box-cox, data_split_shuffle=False, data_split_stratify=False, fold_strategy=kfold, fold=10, fold_shuffle=False, fold_groups=None, n_jobs=-1, use_gpu=False, custom_pipeline=None, html=True, session_id=100, log_experiment=False, experiment_name=None, experiment_custom_tags=None, log_plots=False, log_profile=False, log_data=False, silent=False, verbose=True, profile=False, profile_kwargs=None, display=None)
2022-08-02 19:58:50,705:INFO:Checking environment
2022-08-02 19:58:50,706:INFO:python_version: 3.7.13
2022-08-02 19:58:50,706:INFO:python_build: ('default', 'Aug  2 2022 12:08:32')
2022-08-02 19:58:50,707:INFO:machine: x86_64
2022-08-02 19:58:50,707:INFO:platform: Linux-5.10.16.3-microsoft-standard-WSL2-x86_64-with-debian-11.4
2022-08-02 19:58:50,708:INFO:Memory: svmem(total=53724475392, available=51897294848, percent=3.4, used=1194172416, free=47979384832, active=1335496704, inactive=3876704256, buffers=261275648, cached=4289642496, shared=1376256, slab=382398464)
2022-08-02 19:58:50,710:INFO:Physical Core: 6
2022-08-02 19:58:50,710:INFO:Logical Core: 12
2022-08-02 19:58:50,711:INFO:Checking libraries
2022-08-02 19:58:50,711:INFO:pd==1.3.5
2022-08-02 19:58:50,712:INFO:numpy==1.19.5
2022-08-02 19:58:50,712:INFO:sklearn==0.23.2
2022-08-02 19:58:50,713:INFO:lightgbm==3.3.2
2022-08-02 19:58:50,714:WARNING:catboost not found
2022-08-02 19:58:50,716:WARNING:xgboost not found
2022-08-02 19:58:50,716:INFO:mlflow==1.27.0
2022-08-02 19:58:50,717:INFO:Checking Exceptions
2022-08-02 19:58:50,717:INFO:Declaring global variables
2022-08-02 19:58:50,718:INFO:USI: 1de3
2022-08-02 19:58:50,718:INFO:pycaret_globals: {'_all_models_internal', '_available_plots', 'seed', 'master_model_container', 'target_param', 'fix_imbalance_method_param', 'html_param', 'logging_param', 'transform_target_method_param', 'display_container', '_all_metrics', 'imputation_regressor', 'pycaret_globals', 'data_before_preprocess', '_gpu_n_jobs_param', 'log_plots_param', 'prep_pipe', '_ml_usecase', 'exp_name_log', 'iterative_imputation_iters_param', 'transform_target_param', 'gpu_param', 'fix_imbalance_param', 'fold_shuffle_param', '_all_models', 'n_jobs_param', 'create_model_container', 'USI', 'X', '_internal_pipeline', 'stratify_param', 'fold_generator', 'fold_param', 'fold_groups_param', 'experiment__', 'imputation_classifier', 'dashboard_logger', 'fold_groups_param_full'}
2022-08-02 19:58:50,718:INFO:Preparing display monitor
2022-08-02 19:58:50,719:INFO:Preparing display monitor
2022-08-02 19:58:50,742:INFO:Importing libraries
2022-08-02 19:58:50,742:INFO:Copying data for preprocessing
2022-08-02 19:58:50,762:INFO:Declaring preprocessing parameters
2022-08-02 19:58:50,767:INFO:Creating preprocessing pipeline
2022-08-02 19:58:50,809:INFO:Preprocessing pipeline created successfully
2022-08-02 19:58:50,809:ERROR:(Process Exit): setup has been interupted with user command 'quit'. setup must rerun.
2022-08-02 19:58:50,810:INFO:Creating global containers
2022-08-02 19:58:50,811:INFO:Internal pipeline: Pipeline(memory=None, steps=[('empty_step', 'passthrough')], verbose=False)
2022-08-02 19:58:53,711:INFO:Creating grid variables
2022-08-02 19:58:53,730:INFO:create_model_container: 0
2022-08-02 19:58:53,730:INFO:master_model_container: 0
2022-08-02 19:58:53,731:INFO:display_container: 1
2022-08-02 19:58:53,740:INFO:Pipeline(memory=None,
         steps=[('dtypes',
                 DataTypes_Auto_infer(categorical_features=[],
                                      display_types=True,
                                      features_todrop=['MouseID'],
                                      id_columns=[], ml_usecase='regression',
                                      numerical_features=[],
                                      target='UNSUPERVISED_DUMMY_TARGET',
                                      time_features=[])),
                ('imputer',
                 Simple_Imputer(categorical_strategy='most frequent',
                                fill_value_categorical=None,
                                fill_value_numer...
                ('P_transform', 'passthrough'), ('binn', 'passthrough'),
                ('rem_outliers', 'passthrough'), ('cluster_all', 'passthrough'),
                ('dummy', Dummify(target='UNSUPERVISED_DUMMY_TARGET')),
                ('fix_perfect', 'passthrough'),
                ('clean_names', Clean_Colum_Names()),
                ('feature_select', 'passthrough'), ('fix_multi', 'passthrough'),
                ('dfs', 'passthrough'), ('pca', 'passthrough')],
         verbose=False)
2022-08-02 19:58:53,740:INFO:setup() succesfully completed......................................
2022-08-02 20:01:13,372:INFO:Initializing create_model()
2022-08-02 20:01:13,373:INFO:create_model(estimator=iforest, num_clusters=4, fraction=0.05, ground_truth=None, round=4, fit_kwargs=None, verbose=True, system=True, add_to_model_list=True, raise_num_clusters=False, experiment_custom_tags=None, display=None, kwargs={})
2022-08-02 20:01:13,374:INFO:Checking exceptions
2022-08-02 20:01:13,375:INFO:Preparing display monitor
2022-08-02 20:01:13,399:INFO:Importing libraries
2022-08-02 20:01:13,419:INFO:Importing untrained model
2022-08-02 20:01:13,439:INFO:Isolation Forest Imported succesfully
2022-08-02 20:01:13,455:INFO:Fitting Model
2022-08-02 20:01:16,841:INFO:IForest(behaviour='new', bootstrap=False, contamination=0.05,
    max_features=1.0, max_samples='auto', n_estimators=100, n_jobs=-1,
    random_state=100, verbose=0)
2022-08-02 20:01:16,842:INFO:create_models() succesfully completed......................................
2022-08-02 20:01:16,843:INFO:Uploading results into container
2022-08-02 20:01:16,846:INFO:Uploading model into container now
2022-08-02 20:01:16,849:INFO:create_model_container: 1
2022-08-02 20:01:16,849:INFO:master_model_container: 1
2022-08-02 20:01:16,850:INFO:display_container: 2
2022-08-02 20:01:16,851:INFO:IForest(behaviour='new', bootstrap=False, contamination=0.05,
    max_features=1.0, max_samples='auto', n_estimators=100, n_jobs=-1,
    random_state=100, verbose=0)
2022-08-02 20:01:16,851:INFO:create_model() succesfully completed......................................
2022-08-02 20:01:40,850:INFO:Initializing create_model()
2022-08-02 20:01:40,851:INFO:create_model(estimator=svm, num_clusters=4, fraction=0.025, ground_truth=None, round=4, fit_kwargs=None, verbose=True, system=True, add_to_model_list=True, raise_num_clusters=False, experiment_custom_tags=None, display=None, kwargs={})
2022-08-02 20:01:40,852:INFO:Checking exceptions
2022-08-02 20:01:40,853:INFO:Preparing display monitor
2022-08-02 20:01:40,879:INFO:Importing libraries
2022-08-02 20:01:40,893:INFO:Importing untrained model
2022-08-02 20:01:40,909:INFO:One-class SVM detector Imported succesfully
2022-08-02 20:01:40,928:INFO:Fitting Model
2022-08-02 20:01:41,055:INFO:OCSVM(cache_size=200, coef0=0.0, contamination=0.025, degree=3, gamma='auto',
   kernel='rbf', max_iter=-1, nu=0.5, shrinking=True, tol=0.001,
   verbose=False)
2022-08-02 20:01:41,056:INFO:create_models() succesfully completed......................................
2022-08-02 20:01:41,057:INFO:Uploading results into container
2022-08-02 20:01:41,058:INFO:Uploading model into container now
2022-08-02 20:01:41,059:INFO:create_model_container: 2
2022-08-02 20:01:41,060:INFO:master_model_container: 2
2022-08-02 20:01:41,060:INFO:display_container: 3
2022-08-02 20:01:41,061:INFO:OCSVM(cache_size=200, coef0=0.0, contamination=0.025, degree=3, gamma='auto',
   kernel='rbf', max_iter=-1, nu=0.5, shrinking=True, tol=0.001,
   verbose=False)
2022-08-02 20:01:41,061:INFO:create_model() succesfully completed......................................
2022-08-02 20:01:50,128:INFO:gpu_param set to False
2022-08-03 06:29:26,641:INFO:Initializing create_model()
2022-08-03 06:29:26,643:INFO:create_model(estimator=svm, num_clusters=4, fraction=0.025, ground_truth=None, round=4, fit_kwargs=None, verbose=True, system=True, add_to_model_list=True, raise_num_clusters=False, experiment_custom_tags=None, display=None, kwargs={})
2022-08-03 06:29:26,643:INFO:Checking exceptions
2022-08-03 06:29:26,644:INFO:Preparing display monitor
2022-08-03 06:29:26,674:INFO:Importing libraries
2022-08-03 06:29:26,691:INFO:Importing untrained model
2022-08-03 06:29:26,707:INFO:One-class SVM detector Imported succesfully
2022-08-03 06:29:26,723:INFO:Fitting Model
2022-08-03 06:29:26,858:INFO:OCSVM(cache_size=200, coef0=0.0, contamination=0.025, degree=3, gamma='auto',
   kernel='rbf', max_iter=-1, nu=0.5, shrinking=True, tol=0.001,
   verbose=False)
2022-08-03 06:29:26,858:INFO:create_models() succesfully completed......................................
2022-08-03 06:29:26,859:INFO:Uploading results into container
2022-08-03 06:29:26,860:INFO:Uploading model into container now
2022-08-03 06:29:26,863:INFO:create_model_container: 3
2022-08-03 06:29:26,864:INFO:master_model_container: 3
2022-08-03 06:29:26,865:INFO:display_container: 4
2022-08-03 06:29:26,866:INFO:OCSVM(cache_size=200, coef0=0.0, contamination=0.025, degree=3, gamma='auto',
   kernel='rbf', max_iter=-1, nu=0.5, shrinking=True, tol=0.001,
   verbose=False)
2022-08-03 06:29:26,867:INFO:create_model() succesfully completed......................................
2022-08-03 06:31:31,304:INFO:Initializing assign_model()
2022-08-03 06:31:31,305:INFO:assign_model(model=IForest(behaviour='new', bootstrap=False, contamination=0.05,
    max_features=1.0, max_samples='auto', n_estimators=100, n_jobs=-1,
    random_state=100, verbose=0), transformation=False, score=True, verbose=True)
2022-08-03 06:31:31,306:INFO:Checking exceptions
2022-08-03 06:31:31,307:INFO:Determining Trained Model
2022-08-03 06:31:31,308:INFO:Trained Model : Isolation Forest
2022-08-03 06:31:31,308:INFO:Copying data
2022-08-03 06:31:31,311:INFO:(972, 84)
2022-08-03 06:31:31,311:INFO:assign_model() succesfully completed......................................
2022-08-03 06:35:11,857:INFO:Initializing plot_model()
2022-08-03 06:35:11,858:INFO:plot_model(fold=None, use_train_data=False, verbose=True, is_in_evaluate=False, display=None, display_format=None, estimator=IForest(behaviour='new', bootstrap=False, contamination=0.05,
    max_features=1.0, max_samples='auto', n_estimators=100, n_jobs=-1,
    random_state=100, verbose=0), feature_name=None, fit_kwargs=None, groups=None, label=False, plot=tsne, plot_kwargs=None, save=False, scale=1, system=True)
2022-08-03 06:35:11,858:INFO:Checking exceptions
2022-08-03 06:35:13,141:INFO:Preparing display monitor
2022-08-03 06:35:13,151:INFO:Preloading libraries
2022-08-03 06:35:13,176:INFO:Copying training dataset
2022-08-03 06:35:13,177:INFO:Plot type: tsne
2022-08-03 06:35:13,477:INFO:SubProcess assign_model() called ==================================
2022-08-03 06:35:13,478:INFO:Initializing assign_model()
2022-08-03 06:35:13,478:INFO:assign_model(model=IForest(behaviour='new', bootstrap=False, contamination=0.05,
    max_features=1.0, max_samples='auto', n_estimators=100, n_jobs=-1,
    random_state=100, verbose=0), transformation=True, score=False, verbose=False)
2022-08-03 06:35:13,478:INFO:Checking exceptions
2022-08-03 06:35:13,479:INFO:Determining Trained Model
2022-08-03 06:35:13,480:INFO:Trained Model : Isolation Forest
2022-08-03 06:35:13,480:INFO:Copying data
2022-08-03 06:35:13,481:INFO:Transformation param set to True. Assigned clusters are attached on transformed dataset.
2022-08-03 06:35:13,482:INFO:(972, 92)
2022-08-03 06:35:13,482:INFO:assign_model() succesfully completed......................................
2022-08-03 06:35:13,483:INFO:SubProcess assign_model() end ==================================
2022-08-03 06:35:13,487:INFO:Getting dummies to cast categorical variables
2022-08-03 06:35:13,487:INFO:Fitting TSNE()
2022-08-03 06:35:19,781:INFO:Rendering Visual
2022-08-03 06:35:20,146:INFO:Visual Rendered Successfully
2022-08-03 06:35:20,258:INFO:plot_model() succesfully completed......................................
2022-08-03 06:35:45,383:INFO:Initializing plot_model()
2022-08-03 06:35:45,384:INFO:plot_model(fold=None, use_train_data=False, verbose=True, is_in_evaluate=False, display=None, display_format=None, estimator=IForest(behaviour='new', bootstrap=False, contamination=0.05,
    max_features=1.0, max_samples='auto', n_estimators=100, n_jobs=-1,
    random_state=100, verbose=0), feature_name=None, fit_kwargs=None, groups=None, label=False, plot=umap, plot_kwargs=None, save=False, scale=1, system=True)
2022-08-03 06:35:45,385:INFO:Checking exceptions
2022-08-03 06:35:45,536:INFO:Preparing display monitor
2022-08-03 06:35:45,544:INFO:Preloading libraries
2022-08-03 06:35:45,564:INFO:Copying training dataset
2022-08-03 06:35:45,565:INFO:Plot type: umap
2022-08-03 06:35:45,856:INFO:SubProcess assign_model() called ==================================
2022-08-03 06:35:45,857:INFO:Initializing assign_model()
2022-08-03 06:35:45,857:INFO:assign_model(model=IForest(behaviour='new', bootstrap=False, contamination=0.05,
    max_features=1.0, max_samples='auto', n_estimators=100, n_jobs=-1,
    random_state=100, verbose=0), transformation=True, score=False, verbose=False)
2022-08-03 06:35:45,858:INFO:Checking exceptions
2022-08-03 06:35:45,858:INFO:Determining Trained Model
2022-08-03 06:35:45,859:INFO:Trained Model : Isolation Forest
2022-08-03 06:35:45,859:INFO:Copying data
2022-08-03 06:35:45,860:INFO:Transformation param set to True. Assigned clusters are attached on transformed dataset.
2022-08-03 06:35:45,861:INFO:(972, 92)
2022-08-03 06:35:45,861:INFO:assign_model() succesfully completed......................................
2022-08-03 06:35:45,861:INFO:SubProcess assign_model() end ==================================
2022-08-03 06:35:54,618:INFO:Fitting UMAP()
2022-08-03 06:36:02,968:INFO:Rendering Visual
2022-08-03 06:36:03,041:INFO:Visual Rendered Successfully
2022-08-03 06:36:03,193:INFO:plot_model() succesfully completed......................................
2022-08-03 06:36:21,391:INFO:Initializing predict_model()
2022-08-03 06:36:21,393:INFO:predict_model(estimator=IForest(behaviour='new', bootstrap=False, contamination=0.05,
    max_features=1.0, max_samples='auto', n_estimators=100, n_jobs=-1,
    random_state=100, verbose=0), ml_usecase=MLUsecase.ANOMALY)
